<?xml version="1.0" encoding="UTF-8"?>
<testsuite name="DemoTest" tests="1" skipped="0" failures="0" errors="0" timestamp="2022-09-21T23:49:52" hostname="Etiennes-MacBook-Pro-2.local" time="19.97">
  <properties/>
  <testcase name="showFindByAI()" classname="DemoTest" time="19.97"/>
  <system-out><![CDATA[0 [Test worker] INFO ai.devtools.selenium.SmartDriver  - No test case name was specified, defaulting to worker.org.gradle.process.internal.worker.GradleWorkerMain.main
]]></system-out>
  <system-err><![CDATA[[Test worker] INFO io.github.bonigarcia.wdm.WebDriverManager - Using chromedriver 105.0.5195.52 (resolved driver for Chrome 105)
[Test worker] INFO io.github.bonigarcia.wdm.WebDriverManager - Exporting webdriver.chrome.driver as /Users/etienne/.cache/selenium/chromedriver/mac64/105.0.5195.52/chromedriver
Starting ChromeDriver 105.0.5195.52 (412c95e518836d8a7d97250d62b29c2ae6a26a85-refs/branch-heads/5195@{#853}) on port 46056
Only local connections are allowed.
Please see https://chromedriver.chromium.org/security-considerations for suggestions on keeping ChromeDriver safe.
ChromeDriver was started successfully.
Sep 21, 2022 4:49:55 PM org.openqa.selenium.remote.ProtocolHandshake createSession
INFO: Detected dialect: W3C
]]></system-err>
</testsuite>
